mode: atomic
github.com/gopatchy/selfcert/selfcert.go:16.56,18.16 2 1
github.com/gopatchy/selfcert/selfcert.go:18.16,20.3 1 0
github.com/gopatchy/selfcert/selfcert.go:22.2,25.16 3 1
github.com/gopatchy/selfcert/selfcert.go:25.16,27.3 1 0
github.com/gopatchy/selfcert/selfcert.go:29.2,41.26 2 1
github.com/gopatchy/selfcert/selfcert.go:41.26,42.38 1 1
github.com/gopatchy/selfcert/selfcert.go:42.38,44.4 1 0
github.com/gopatchy/selfcert/selfcert.go:44.9,46.4 1 1
github.com/gopatchy/selfcert/selfcert.go:49.2,50.16 2 1
github.com/gopatchy/selfcert/selfcert.go:50.16,52.3 1 0
github.com/gopatchy/selfcert/selfcert.go:54.2,57.16 3 1
github.com/gopatchy/selfcert/selfcert.go:57.16,59.3 1 0
github.com/gopatchy/selfcert/selfcert.go:61.2,64.16 3 1
github.com/gopatchy/selfcert/selfcert.go:64.16,66.3 1 0
github.com/gopatchy/selfcert/selfcert.go:68.2,74.18 2 1
github.com/gopatchy/selfcert/selfcert.go:77.69,79.16 2 1
github.com/gopatchy/selfcert/selfcert.go:79.16,81.3 1 0
github.com/gopatchy/selfcert/selfcert.go:83.2,83.37 1 1
